<?xml version="1.0" encoding="UTF-8"?>
<!-- Generated by org.testng.reporters.JUnitXMLReporter -->
<testsuite ignored="0" hostname="Hani-PC" failures="0" tests="8" name="OrangeHRMTest" time="247.696" errors="0" timestamp="2021-06-22T20:34:52 IST">
  <testcase classname="com.crm.qa.testcases.MyInfoPageTest" name="verifyPersonalDetails" time="0.996"/>
  <testcase classname="com.crm.qa.testcases.MyInfoPageTest" name="verifyCheckBox" time="0.571"/>
  <testcase classname="com.crm.qa.testcases.MyInfoPageTest" name="validateEditBtn" time="9.205"/>
  <testcase classname="com.crm.qa.testcases.MyInfoPageTest" name="validateEditBtn" time="7.944"/>
  <testcase classname="com.crm.qa.testcases.MyInfoPageTest" name="validateEditBtn" time="7.513"/>
  <testcase classname="com.crm.qa.testcases.LoginPageTest" name="loginPageTitleTest" time="0.051"/>
  <testcase classname="com.crm.qa.testcases.LoginPageTest" name="crmLogoTest" time="0.402"/>
  <testcase classname="com.crm.qa.testcases.LoginPageTest" name="loginTest" time="8.265"/>
</testsuite> <!-- OrangeHRMTest -->
