<?xml version="1.0" encoding="UTF-8"?>
<testng-results ignored="0" total="11" passed="10" failed="1" skipped="0">
  <reporter-output>
  </reporter-output>
  <suite started-at="2021-06-22T20:35:47 IST" name="Free OrangeHRM Application Test" finished-at="2021-06-22T20:41:58 IST" duration-ms="371104">
    <groups>
    </groups>
    <test started-at="2021-06-22T20:35:47 IST" name="OrangeHRMTest" finished-at="2021-06-22T20:41:58 IST" duration-ms="371104">
      <class name="com.crm.qa.testcases.MyInfoPageTest">
        <test-method is-config="true" signature="setUp()[pri:0, instance:com.crm.qa.testcases.MyInfoPageTest@4de4b452]" started-at="2021-06-22T20:35:47 IST" name="setUp" finished-at="2021-06-22T20:36:30 IST" duration-ms="42678" status="PASS">
          <reporter-output>
          </reporter-output>
        </test-method> <!-- setUp -->
        <test-method signature="verifyPersonalDetails()[pri:1, instance:com.crm.qa.testcases.MyInfoPageTest@4de4b452]" started-at="2021-06-22T20:36:30 IST" name="verifyPersonalDetails" finished-at="2021-06-22T20:36:31 IST" duration-ms="861" status="PASS">
          <reporter-output>
          </reporter-output>
        </test-method> <!-- verifyPersonalDetails -->
        <test-method is-config="true" signature="tearDown()[pri:0, instance:com.crm.qa.testcases.MyInfoPageTest@4de4b452]" started-at="2021-06-22T20:36:31 IST" name="tearDown" finished-at="2021-06-22T20:36:32 IST" duration-ms="1363" status="PASS">
          <reporter-output>
          </reporter-output>
        </test-method> <!-- tearDown -->
        <test-method is-config="true" signature="setUp()[pri:0, instance:com.crm.qa.testcases.MyInfoPageTest@4de4b452]" started-at="2021-06-22T20:36:32 IST" name="setUp" finished-at="2021-06-22T20:37:08 IST" duration-ms="35815" status="PASS">
          <reporter-output>
          </reporter-output>
        </test-method> <!-- setUp -->
        <test-method signature="verifyCheckBox()[pri:2, instance:com.crm.qa.testcases.MyInfoPageTest@4de4b452]" started-at="2021-06-22T20:37:08 IST" name="verifyCheckBox" finished-at="2021-06-22T20:37:09 IST" duration-ms="1135" status="PASS">
          <reporter-output>
          </reporter-output>
        </test-method> <!-- verifyCheckBox -->
        <test-method is-config="true" signature="tearDown()[pri:0, instance:com.crm.qa.testcases.MyInfoPageTest@4de4b452]" started-at="2021-06-22T20:37:09 IST" name="tearDown" finished-at="2021-06-22T20:37:10 IST" duration-ms="1271" status="PASS">
          <reporter-output>
          </reporter-output>
        </test-method> <!-- tearDown -->
        <test-method is-config="true" signature="setUp()[pri:0, instance:com.crm.qa.testcases.MyInfoPageTest@4de4b452]" started-at="2021-06-22T20:37:13 IST" name="setUp" finished-at="2021-06-22T20:38:02 IST" duration-ms="48473" status="PASS">
          <reporter-output>
          </reporter-output>
        </test-method> <!-- setUp -->
        <test-method signature="validateEditBtn(java.lang.String, java.lang.String, java.lang.String)[pri:3, instance:com.crm.qa.testcases.MyInfoPageTest@4de4b452]" started-at="2021-06-22T20:38:02 IST" name="validateEditBtn" data-provider="getHRMTestData" finished-at="2021-06-22T20:38:22 IST" duration-ms="20254" status="PASS">
          <params>
            <param index="0">
              <value>
                <![CDATA[Hani]]>
              </value>
            </param>
            <param index="1">
              <value>
                <![CDATA[Baby]]>
              </value>
            </param>
            <param index="2">
              <value>
                <![CDATA[G]]>
              </value>
            </param>
          </params>
          <reporter-output>
          </reporter-output>
        </test-method> <!-- validateEditBtn -->
        <test-method is-config="true" signature="tearDown()[pri:0, instance:com.crm.qa.testcases.MyInfoPageTest@4de4b452]" started-at="2021-06-22T20:38:22 IST" name="tearDown" finished-at="2021-06-22T20:38:23 IST" duration-ms="1285" status="PASS">
          <reporter-output>
          </reporter-output>
        </test-method> <!-- tearDown -->
        <test-method is-config="true" signature="setUp()[pri:0, instance:com.crm.qa.testcases.MyInfoPageTest@4de4b452]" started-at="2021-06-22T20:38:23 IST" name="setUp" finished-at="2021-06-22T20:39:02 IST" duration-ms="39245" status="PASS">
          <reporter-output>
          </reporter-output>
        </test-method> <!-- setUp -->
        <test-method signature="validateEditBtn(java.lang.String, java.lang.String, java.lang.String)[pri:3, instance:com.crm.qa.testcases.MyInfoPageTest@4de4b452]" started-at="2021-06-22T20:39:02 IST" name="validateEditBtn" data-provider="getHRMTestData" finished-at="2021-06-22T20:39:10 IST" duration-ms="7423" status="PASS">
          <params>
            <param index="0">
              <value>
                <![CDATA[Irfan]]>
              </value>
            </param>
            <param index="1">
              <value>
                <![CDATA[Basha]]>
              </value>
            </param>
            <param index="2">
              <value>
                <![CDATA[K]]>
              </value>
            </param>
          </params>
          <reporter-output>
          </reporter-output>
        </test-method> <!-- validateEditBtn -->
        <test-method is-config="true" signature="tearDown()[pri:0, instance:com.crm.qa.testcases.MyInfoPageTest@4de4b452]" started-at="2021-06-22T20:39:10 IST" name="tearDown" finished-at="2021-06-22T20:39:11 IST" duration-ms="886" status="PASS">
          <reporter-output>
          </reporter-output>
        </test-method> <!-- tearDown -->
        <test-method is-config="true" signature="setUp()[pri:0, instance:com.crm.qa.testcases.MyInfoPageTest@4de4b452]" started-at="2021-06-22T20:39:11 IST" name="setUp" finished-at="2021-06-22T20:39:33 IST" duration-ms="22492" status="PASS">
          <reporter-output>
          </reporter-output>
        </test-method> <!-- setUp -->
        <test-method signature="validateEditBtn(java.lang.String, java.lang.String, java.lang.String)[pri:3, instance:com.crm.qa.testcases.MyInfoPageTest@4de4b452]" started-at="2021-06-22T20:39:33 IST" name="validateEditBtn" data-provider="getHRMTestData" finished-at="2021-06-22T20:39:40 IST" duration-ms="7223" status="PASS">
          <params>
            <param index="0">
              <value>
                <![CDATA[Taher]]>
              </value>
            </param>
            <param index="1">
              <value>
                <![CDATA[Bablu]]>
              </value>
            </param>
            <param index="2">
              <value>
                <![CDATA[D]]>
              </value>
            </param>
          </params>
          <reporter-output>
          </reporter-output>
        </test-method> <!-- validateEditBtn -->
        <test-method is-config="true" signature="tearDown()[pri:0, instance:com.crm.qa.testcases.MyInfoPageTest@4de4b452]" started-at="2021-06-22T20:39:40 IST" name="tearDown" finished-at="2021-06-22T20:39:41 IST" duration-ms="885" status="PASS">
          <reporter-output>
          </reporter-output>
        </test-method> <!-- tearDown -->
      </class> <!-- com.crm.qa.testcases.MyInfoPageTest -->
      <class name="com.crm.qa.testcases.HomePageTest">
        <test-method is-config="true" signature="setUp()[pri:0, instance:com.crm.qa.testcases.HomePageTest@50b5ac82]" started-at="2021-06-22T20:39:41 IST" name="setUp" finished-at="2021-06-22T20:39:59 IST" duration-ms="17816" status="PASS">
          <reporter-output>
          </reporter-output>
        </test-method> <!-- setUp -->
        <test-method signature="verifyHomePageTitle()[pri:1, instance:com.crm.qa.testcases.HomePageTest@50b5ac82]" started-at="2021-06-22T20:39:59 IST" name="verifyHomePageTitle" finished-at="2021-06-22T20:39:59 IST" duration-ms="53" status="PASS">
          <reporter-output>
          </reporter-output>
        </test-method> <!-- verifyHomePageTitle -->
        <test-method is-config="true" signature="tearDown()[pri:0, instance:com.crm.qa.testcases.HomePageTest@50b5ac82]" started-at="2021-06-22T20:39:59 IST" name="tearDown" finished-at="2021-06-22T20:40:00 IST" duration-ms="910" status="PASS">
          <reporter-output>
          </reporter-output>
        </test-method> <!-- tearDown -->
        <test-method is-config="true" signature="setUp()[pri:0, instance:com.crm.qa.testcases.HomePageTest@50b5ac82]" started-at="2021-06-22T20:40:00 IST" name="setUp" finished-at="2021-06-22T20:40:18 IST" duration-ms="17661" status="PASS">
          <reporter-output>
          </reporter-output>
        </test-method> <!-- setUp -->
        <test-method signature="verifyCorrectUserName()[pri:2, instance:com.crm.qa.testcases.HomePageTest@50b5ac82]" started-at="2021-06-22T20:40:18 IST" name="verifyCorrectUserName" finished-at="2021-06-22T20:40:39 IST" duration-ms="20956" status="FAIL">
          <exception class="org.openqa.selenium.NoSuchElementException">
            <message>
              <![CDATA[no such element: Unable to locate element: {"method":"xpath","selector":"//a[normalize-space()='Welcome Suma']"}
  (Session info: chrome=91.0.4472.106)
For documentation on this error, please visit: https://www.seleniumhq.org/exceptions/no_such_element.html
Build info: version: '3.141.59', revision: 'e82be7d358', time: '2018-11-14T08:17:03'
System info: host: 'HANI-PC', ip: '192.168.43.83', os.name: 'Windows 7', os.arch: 'amd64', os.version: '6.1', java.version: '11.0.9'
Driver info: org.openqa.selenium.chrome.ChromeDriver
Capabilities {acceptInsecureCerts: false, browserName: chrome, browserVersion: 91.0.4472.106, chrome: {chromedriverVersion: 91.0.4472.101 (af52a90bf870..., userDataDir: C:\Users\RAGHAV~1\AppData\L...}, goog:chromeOptions: {debuggerAddress: localhost:50737}, javascriptEnabled: true, networkConnectionEnabled: false, pageLoadStrategy: normal, platform: WINDOWS, platformName: WINDOWS, proxy: Proxy(), setWindowRect: true, strictFileInteractability: false, timeouts: {implicit: 0, pageLoad: 300000, script: 30000}, unhandledPromptBehavior: dismiss and notify, webauthn:extension:largeBlob: true, webauthn:virtualAuthenticators: true}
Session ID: 735912b1fdd50a38efe18a091a16932a
*** Element info: {Using=xpath, value=//a[normalize-space()='Welcome Suma']}]]>
            </message>
            <full-stacktrace>
              <![CDATA[org.openqa.selenium.NoSuchElementException: no such element: Unable to locate element: {"method":"xpath","selector":"//a[normalize-space()='Welcome Suma']"}
  (Session info: chrome=91.0.4472.106)
For documentation on this error, please visit: https://www.seleniumhq.org/exceptions/no_such_element.html
Build info: version: '3.141.59', revision: 'e82be7d358', time: '2018-11-14T08:17:03'
System info: host: 'HANI-PC', ip: '192.168.43.83', os.name: 'Windows 7', os.arch: 'amd64', os.version: '6.1', java.version: '11.0.9'
Driver info: org.openqa.selenium.chrome.ChromeDriver
Capabilities {acceptInsecureCerts: false, browserName: chrome, browserVersion: 91.0.4472.106, chrome: {chromedriverVersion: 91.0.4472.101 (af52a90bf870..., userDataDir: C:\Users\RAGHAV~1\AppData\L...}, goog:chromeOptions: {debuggerAddress: localhost:50737}, javascriptEnabled: true, networkConnectionEnabled: false, pageLoadStrategy: normal, platform: WINDOWS, platformName: WINDOWS, proxy: Proxy(), setWindowRect: true, strictFileInteractability: false, timeouts: {implicit: 0, pageLoad: 300000, script: 30000}, unhandledPromptBehavior: dismiss and notify, webauthn:extension:largeBlob: true, webauthn:virtualAuthenticators: true}
Session ID: 735912b1fdd50a38efe18a091a16932a
*** Element info: {Using=xpath, value=//a[normalize-space()='Welcome Suma']}
at java.base/jdk.internal.reflect.NativeConstructorAccessorImpl.newInstance0(Native Method)
at java.base/jdk.internal.reflect.NativeConstructorAccessorImpl.newInstance(NativeConstructorAccessorImpl.java:62)
at java.base/jdk.internal.reflect.DelegatingConstructorAccessorImpl.newInstance(DelegatingConstructorAccessorImpl.java:45)
at java.base/java.lang.reflect.Constructor.newInstance(Constructor.java:490)
at org.openqa.selenium.remote.http.W3CHttpResponseCodec.createException(W3CHttpResponseCodec.java:187)
at org.openqa.selenium.remote.http.W3CHttpResponseCodec.decode(W3CHttpResponseCodec.java:122)
at org.openqa.selenium.remote.http.W3CHttpResponseCodec.decode(W3CHttpResponseCodec.java:49)
at org.openqa.selenium.remote.HttpCommandExecutor.execute(HttpCommandExecutor.java:158)
at org.openqa.selenium.remote.service.DriverCommandExecutor.execute(DriverCommandExecutor.java:83)
at org.openqa.selenium.remote.RemoteWebDriver.execute(RemoteWebDriver.java:552)
at org.openqa.selenium.remote.RemoteWebDriver.findElement(RemoteWebDriver.java:323)
at org.openqa.selenium.remote.RemoteWebDriver.findElementByXPath(RemoteWebDriver.java:428)
at org.openqa.selenium.By$ByXPath.findElement(By.java:353)
at org.openqa.selenium.remote.RemoteWebDriver.findElement(RemoteWebDriver.java:315)
at jdk.internal.reflect.GeneratedMethodAccessor4.invoke(Unknown Source)
at java.base/jdk.internal.reflect.DelegatingMethodAccessorImpl.invoke(DelegatingMethodAccessorImpl.java:43)
at java.base/java.lang.reflect.Method.invoke(Method.java:566)
at org.openqa.selenium.support.events.EventFiringWebDriver.lambda$new$1(EventFiringWebDriver.java:105)
at com.sun.proxy.$Proxy12.findElement(Unknown Source)
at org.openqa.selenium.support.events.EventFiringWebDriver.findElement(EventFiringWebDriver.java:194)
at org.openqa.selenium.support.pagefactory.DefaultElementLocator.findElement(DefaultElementLocator.java:69)
at org.openqa.selenium.support.pagefactory.internal.LocatingElementHandler.invoke(LocatingElementHandler.java:38)
at com.sun.proxy.$Proxy16.isDisplayed(Unknown Source)
at com.crm.qa.pages.HomePage.verifyName(HomePage.java:29)
at com.crm.qa.testcases.HomePageTest.verifyCorrectUserName(HomePageTest.java:42)
at java.base/jdk.internal.reflect.NativeMethodAccessorImpl.invoke0(Native Method)
at java.base/jdk.internal.reflect.NativeMethodAccessorImpl.invoke(NativeMethodAccessorImpl.java:62)
at java.base/jdk.internal.reflect.DelegatingMethodAccessorImpl.invoke(DelegatingMethodAccessorImpl.java:43)
at java.base/java.lang.reflect.Method.invoke(Method.java:566)
at org.testng.internal.MethodInvocationHelper.invokeMethod(MethodInvocationHelper.java:132)
at org.testng.internal.TestInvoker.invokeMethod(TestInvoker.java:599)
at org.testng.internal.TestInvoker.invokeTestMethod(TestInvoker.java:174)
at org.testng.internal.MethodRunner.runInSequence(MethodRunner.java:46)
at org.testng.internal.TestInvoker$MethodInvocationAgent.invoke(TestInvoker.java:822)
at org.testng.internal.TestInvoker.invokeTestMethods(TestInvoker.java:147)
at org.testng.internal.TestMethodWorker.invokeTestMethods(TestMethodWorker.java:146)
at org.testng.internal.TestMethodWorker.run(TestMethodWorker.java:128)
at java.base/java.util.ArrayList.forEach(ArrayList.java:1541)
at org.testng.TestRunner.privateRun(TestRunner.java:764)
at org.testng.TestRunner.run(TestRunner.java:585)
at org.testng.SuiteRunner.runTest(SuiteRunner.java:384)
at org.testng.SuiteRunner.runSequentially(SuiteRunner.java:378)
at org.testng.SuiteRunner.privateRun(SuiteRunner.java:337)
at org.testng.SuiteRunner.run(SuiteRunner.java:286)
at org.testng.SuiteRunnerWorker.runSuite(SuiteRunnerWorker.java:53)
at org.testng.SuiteRunnerWorker.run(SuiteRunnerWorker.java:96)
at org.testng.TestNG.runSuitesSequentially(TestNG.java:1218)
at org.testng.TestNG.runSuitesLocally(TestNG.java:1140)
at org.testng.TestNG.runSuites(TestNG.java:1069)
at org.testng.TestNG.run(TestNG.java:1037)
at org.testng.remote.AbstractRemoteTestNG.run(AbstractRemoteTestNG.java:115)
at org.testng.remote.RemoteTestNG.initAndRun(RemoteTestNG.java:251)
at org.testng.remote.RemoteTestNG.main(RemoteTestNG.java:77)
]]>
            </full-stacktrace>
          </exception> <!-- org.openqa.selenium.NoSuchElementException -->
          <reporter-output>
          </reporter-output>
        </test-method> <!-- verifyCorrectUserName -->
        <test-method is-config="true" signature="tearDown()[pri:0, instance:com.crm.qa.testcases.HomePageTest@50b5ac82]" started-at="2021-06-22T20:40:39 IST" name="tearDown" finished-at="2021-06-22T20:40:40 IST" duration-ms="1234" status="PASS">
          <reporter-output>
          </reporter-output>
        </test-method> <!-- tearDown -->
        <test-method is-config="true" signature="setUp()[pri:0, instance:com.crm.qa.testcases.HomePageTest@50b5ac82]" started-at="2021-06-22T20:40:40 IST" name="setUp" finished-at="2021-06-22T20:40:57 IST" duration-ms="16644" status="PASS">
          <reporter-output>
          </reporter-output>
        </test-method> <!-- setUp -->
        <test-method signature="verifyMyInfoPage()[pri:3, instance:com.crm.qa.testcases.HomePageTest@50b5ac82]" started-at="2021-06-22T20:40:57 IST" name="verifyMyInfoPage" finished-at="2021-06-22T20:41:00 IST" duration-ms="2915" status="PASS">
          <reporter-output>
          </reporter-output>
        </test-method> <!-- verifyMyInfoPage -->
        <test-method is-config="true" signature="tearDown()[pri:0, instance:com.crm.qa.testcases.HomePageTest@50b5ac82]" started-at="2021-06-22T20:41:00 IST" name="tearDown" finished-at="2021-06-22T20:41:01 IST" duration-ms="1059" status="PASS">
          <reporter-output>
          </reporter-output>
        </test-method> <!-- tearDown -->
      </class> <!-- com.crm.qa.testcases.HomePageTest -->
      <class name="com.crm.qa.testcases.LoginPageTest">
        <test-method is-config="true" signature="setUp()[pri:0, instance:com.crm.qa.testcases.LoginPageTest@101952da]" started-at="2021-06-22T20:41:01 IST" name="setUp" finished-at="2021-06-22T20:41:10 IST" duration-ms="9745" status="PASS">
          <reporter-output>
          </reporter-output>
        </test-method> <!-- setUp -->
        <test-method signature="loginPageTitleTest()[pri:1, instance:com.crm.qa.testcases.LoginPageTest@101952da]" started-at="2021-06-22T20:41:10 IST" name="loginPageTitleTest" finished-at="2021-06-22T20:41:10 IST" duration-ms="79" status="PASS">
          <reporter-output>
          </reporter-output>
        </test-method> <!-- loginPageTitleTest -->
        <test-method is-config="true" signature="tearDown()[pri:0, instance:com.crm.qa.testcases.LoginPageTest@101952da]" started-at="2021-06-22T20:41:11 IST" name="tearDown" finished-at="2021-06-22T20:41:13 IST" duration-ms="2170" status="PASS">
          <reporter-output>
          </reporter-output>
        </test-method> <!-- tearDown -->
        <test-method is-config="true" signature="setUp()[pri:0, instance:com.crm.qa.testcases.LoginPageTest@101952da]" started-at="2021-06-22T20:41:13 IST" name="setUp" finished-at="2021-06-22T20:41:23 IST" duration-ms="10516" status="PASS">
          <reporter-output>
          </reporter-output>
        </test-method> <!-- setUp -->
        <test-method signature="crmLogoTest()[pri:2, instance:com.crm.qa.testcases.LoginPageTest@101952da]" started-at="2021-06-22T20:41:23 IST" name="crmLogoTest" finished-at="2021-06-22T20:41:23 IST" duration-ms="157" status="PASS">
          <reporter-output>
          </reporter-output>
        </test-method> <!-- crmLogoTest -->
        <test-method is-config="true" signature="tearDown()[pri:0, instance:com.crm.qa.testcases.LoginPageTest@101952da]" started-at="2021-06-22T20:41:23 IST" name="tearDown" finished-at="2021-06-22T20:41:25 IST" duration-ms="2125" status="PASS">
          <reporter-output>
          </reporter-output>
        </test-method> <!-- tearDown -->
        <test-method is-config="true" signature="setUp()[pri:0, instance:com.crm.qa.testcases.LoginPageTest@101952da]" started-at="2021-06-22T20:41:25 IST" name="setUp" finished-at="2021-06-22T20:41:37 IST" duration-ms="11665" status="PASS">
          <reporter-output>
          </reporter-output>
        </test-method> <!-- setUp -->
        <test-method signature="loginTest()[pri:3, instance:com.crm.qa.testcases.LoginPageTest@101952da]" started-at="2021-06-22T20:41:37 IST" name="loginTest" finished-at="2021-06-22T20:41:54 IST" duration-ms="16840" status="PASS">
          <reporter-output>
          </reporter-output>
        </test-method> <!-- loginTest -->
        <test-method is-config="true" signature="tearDown()[pri:0, instance:com.crm.qa.testcases.LoginPageTest@101952da]" started-at="2021-06-22T20:41:54 IST" name="tearDown" finished-at="2021-06-22T20:41:58 IST" duration-ms="4340" status="PASS">
          <reporter-output>
          </reporter-output>
        </test-method> <!-- tearDown -->
      </class> <!-- com.crm.qa.testcases.LoginPageTest -->
    </test> <!-- OrangeHRMTest -->
  </suite> <!-- Free OrangeHRM Application Test -->
</testng-results>
